2020-08-31 09:20:31,757-urllib3.connectionpool-DEBUG-Starting new HTTP connection (1): v5-dev-customer.faqrobot.net:80
2020-08-31 09:20:31,757-urllib3.connectionpool-DEBUG-Starting new HTTP connection (1): v5-dev-customer.faqrobot.net:80
2020-08-31 09:20:31,757-urllib3.connectionpool-DEBUG-Starting new HTTP connection (1): v5-dev-customer.faqrobot.net:80
2020-08-31 09:20:31,961-urllib3.connectionpool-DEBUG-http://v5-dev-customer.faqrobot.net:80 "POST /admin/login?username=zhang777&password=123123&isRememberMe=false HTTP/1.1" 200 None
2020-08-31 09:20:31,961-urllib3.connectionpool-DEBUG-http://v5-dev-customer.faqrobot.net:80 "POST /admin/login?username=zhang777&password=123123&isRememberMe=false HTTP/1.1" 200 None
2020-08-31 09:20:31,961-urllib3.connectionpool-DEBUG-http://v5-dev-customer.faqrobot.net:80 "POST /admin/login?username=zhang777&password=123123&isRememberMe=false HTTP/1.1" 200 None
2020-08-31 09:20:31,972-urllib3.connectionpool-DEBUG-Starting new HTTP connection (1): v5-dev-customer.faqrobot.net:80
2020-08-31 09:20:31,972-urllib3.connectionpool-DEBUG-Starting new HTTP connection (1): v5-dev-customer.faqrobot.net:80
2020-08-31 09:20:31,972-urllib3.connectionpool-DEBUG-Starting new HTTP connection (1): v5-dev-customer.faqrobot.net:80
2020-08-31 09:20:32,045-urllib3.connectionpool-DEBUG-http://v5-dev-customer.faqrobot.net:80 "POST /chatbot/web/chat/1577067263668?sourceId=169 HTTP/1.1" 200 None
2020-08-31 09:20:32,045-urllib3.connectionpool-DEBUG-http://v5-dev-customer.faqrobot.net:80 "POST /chatbot/web/chat/1577067263668?sourceId=169 HTTP/1.1" 200 None
2020-08-31 09:20:32,045-urllib3.connectionpool-DEBUG-http://v5-dev-customer.faqrobot.net:80 "POST /chatbot/web/chat/1577067263668?sourceId=169 HTTP/1.1" 200 None
2020-08-31 09:21:16,525-urllib3.connectionpool-DEBUG-Starting new HTTP connection (1): v5-dev-customer.faqrobot.net:80
2020-08-31 09:21:16,525-urllib3.connectionpool-DEBUG-Starting new HTTP connection (1): v5-dev-customer.faqrobot.net:80
2020-08-31 09:21:16,525-urllib3.connectionpool-DEBUG-Starting new HTTP connection (1): v5-dev-customer.faqrobot.net:80
2020-08-31 09:21:16,601-urllib3.connectionpool-DEBUG-http://v5-dev-customer.faqrobot.net:80 "POST /chatbot/web/chat/1577067263668?sourceId=169 HTTP/1.1" 200 None
2020-08-31 09:21:16,601-urllib3.connectionpool-DEBUG-http://v5-dev-customer.faqrobot.net:80 "POST /chatbot/web/chat/1577067263668?sourceId=169 HTTP/1.1" 200 None
2020-08-31 09:21:16,601-urllib3.connectionpool-DEBUG-http://v5-dev-customer.faqrobot.net:80 "POST /chatbot/web/chat/1577067263668?sourceId=169 HTTP/1.1" 200 None
2020-08-31 09:22:40,082-urllib3.connectionpool-DEBUG-Starting new HTTP connection (1): v5-dev-customer.faqrobot.net:80
2020-08-31 09:22:40,082-urllib3.connectionpool-DEBUG-Starting new HTTP connection (1): v5-dev-customer.faqrobot.net:80
2020-08-31 09:22:40,082-urllib3.connectionpool-DEBUG-Starting new HTTP connection (1): v5-dev-customer.faqrobot.net:80
2020-08-31 09:22:40,274-urllib3.connectionpool-DEBUG-http://v5-dev-customer.faqrobot.net:80 "POST /customerservice/login?username=rtest2&password=123456abc&isRememberMe=false HTTP/1.1" 200 100
2020-08-31 09:22:40,274-urllib3.connectionpool-DEBUG-http://v5-dev-customer.faqrobot.net:80 "POST /customerservice/login?username=rtest2&password=123456abc&isRememberMe=false HTTP/1.1" 200 100
2020-08-31 09:22:40,274-urllib3.connectionpool-DEBUG-http://v5-dev-customer.faqrobot.net:80 "POST /customerservice/login?username=rtest2&password=123456abc&isRememberMe=false HTTP/1.1" 200 100
2020-08-31 09:22:40,282-urllib3.connectionpool-DEBUG-Starting new HTTP connection (1): v5-dev-customer.faqrobot.net:80
2020-08-31 09:22:40,282-urllib3.connectionpool-DEBUG-Starting new HTTP connection (1): v5-dev-customer.faqrobot.net:80
2020-08-31 09:22:40,282-urllib3.connectionpool-DEBUG-Starting new HTTP connection (1): v5-dev-customer.faqrobot.net:80
2020-08-31 09:22:40,421-urllib3.connectionpool-DEBUG-http://v5-dev-customer.faqrobot.net:80 "POST /customerservice/login?username=rtest2&password=123456abc&isRememberMe=false HTTP/1.1" 200 100
2020-08-31 09:22:40,421-urllib3.connectionpool-DEBUG-http://v5-dev-customer.faqrobot.net:80 "POST /customerservice/login?username=rtest2&password=123456abc&isRememberMe=false HTTP/1.1" 200 100
2020-08-31 09:22:40,421-urllib3.connectionpool-DEBUG-http://v5-dev-customer.faqrobot.net:80 "POST /customerservice/login?username=rtest2&password=123456abc&isRememberMe=false HTTP/1.1" 200 100
2020-08-31 09:22:40,430-urllib3.connectionpool-DEBUG-Starting new HTTP connection (1): v5-dev-customer.faqrobot.net:80
2020-08-31 09:22:40,430-urllib3.connectionpool-DEBUG-Starting new HTTP connection (1): v5-dev-customer.faqrobot.net:80
2020-08-31 09:22:40,430-urllib3.connectionpool-DEBUG-Starting new HTTP connection (1): v5-dev-customer.faqrobot.net:80
2020-08-31 09:22:40,509-urllib3.connectionpool-DEBUG-http://v5-dev-customer.faqrobot.net:80 "POST /customerservice/webim/agent/register HTTP/1.1" 200 None
2020-08-31 09:22:40,509-urllib3.connectionpool-DEBUG-http://v5-dev-customer.faqrobot.net:80 "POST /customerservice/webim/agent/register HTTP/1.1" 200 None
2020-08-31 09:22:40,509-urllib3.connectionpool-DEBUG-http://v5-dev-customer.faqrobot.net:80 "POST /customerservice/webim/agent/register HTTP/1.1" 200 None
2020-08-31 09:22:40,511-urllib3.connectionpool-DEBUG-Starting new HTTP connection (1): v5-dev-customer.faqrobot.net:80
2020-08-31 09:22:40,511-urllib3.connectionpool-DEBUG-Starting new HTTP connection (1): v5-dev-customer.faqrobot.net:80
2020-08-31 09:22:40,511-urllib3.connectionpool-DEBUG-Starting new HTTP connection (1): v5-dev-customer.faqrobot.net:80
2020-08-31 09:22:40,584-urllib3.connectionpool-DEBUG-http://v5-dev-customer.faqrobot.net:80 "GET /chatbot/web/init/1577067263668?sysNum=1577067263668&sourceId=169&lang=zh_CN&_=1598505740753 HTTP/1.1" 200 None
2020-08-31 09:22:40,584-urllib3.connectionpool-DEBUG-http://v5-dev-customer.faqrobot.net:80 "GET /chatbot/web/init/1577067263668?sysNum=1577067263668&sourceId=169&lang=zh_CN&_=1598505740753 HTTP/1.1" 200 None
2020-08-31 09:22:40,584-urllib3.connectionpool-DEBUG-http://v5-dev-customer.faqrobot.net:80 "GET /chatbot/web/init/1577067263668?sysNum=1577067263668&sourceId=169&lang=zh_CN&_=1598505740753 HTTP/1.1" 200 None
2020-08-31 09:22:40,591-urllib3.connectionpool-DEBUG-Starting new HTTP connection (1): v5-dev-customer.faqrobot.net:80
2020-08-31 09:22:40,591-urllib3.connectionpool-DEBUG-Starting new HTTP connection (1): v5-dev-customer.faqrobot.net:80
2020-08-31 09:22:40,591-urllib3.connectionpool-DEBUG-Starting new HTTP connection (1): v5-dev-customer.faqrobot.net:80
2020-08-31 09:22:40,685-urllib3.connectionpool-DEBUG-http://v5-dev-customer.faqrobot.net:80 "POST /admin/login?username=zhang777&password=123123&isRememberMe=false HTTP/1.1" 200 None
2020-08-31 09:22:40,685-urllib3.connectionpool-DEBUG-http://v5-dev-customer.faqrobot.net:80 "POST /admin/login?username=zhang777&password=123123&isRememberMe=false HTTP/1.1" 200 None
2020-08-31 09:22:40,685-urllib3.connectionpool-DEBUG-http://v5-dev-customer.faqrobot.net:80 "POST /admin/login?username=zhang777&password=123123&isRememberMe=false HTTP/1.1" 200 None
2020-08-31 09:22:40,692-urllib3.connectionpool-DEBUG-Starting new HTTP connection (1): v5-dev-customer.faqrobot.net:80
2020-08-31 09:22:40,692-urllib3.connectionpool-DEBUG-Starting new HTTP connection (1): v5-dev-customer.faqrobot.net:80
2020-08-31 09:22:40,692-urllib3.connectionpool-DEBUG-Starting new HTTP connection (1): v5-dev-customer.faqrobot.net:80
2020-08-31 09:22:40,748-urllib3.connectionpool-DEBUG-http://v5-dev-customer.faqrobot.net:80 "POST /chatbot/web/chat/1577067263668?sourceId=169 HTTP/1.1" 200 None
2020-08-31 09:22:40,748-urllib3.connectionpool-DEBUG-http://v5-dev-customer.faqrobot.net:80 "POST /chatbot/web/chat/1577067263668?sourceId=169 HTTP/1.1" 200 None
2020-08-31 09:22:40,748-urllib3.connectionpool-DEBUG-http://v5-dev-customer.faqrobot.net:80 "POST /chatbot/web/chat/1577067263668?sourceId=169 HTTP/1.1" 200 None
2020-08-31 09:26:01,460-urllib3.connectionpool-DEBUG-Starting new HTTP connection (1): v5-dev-customer.faqrobot.net:80
2020-08-31 09:26:01,460-urllib3.connectionpool-DEBUG-Starting new HTTP connection (1): v5-dev-customer.faqrobot.net:80
2020-08-31 09:26:01,460-urllib3.connectionpool-DEBUG-Starting new HTTP connection (1): v5-dev-customer.faqrobot.net:80
2020-08-31 09:26:01,623-urllib3.connectionpool-DEBUG-http://v5-dev-customer.faqrobot.net:80 "POST /customerservice/login?username=rtest2&password=123456abc&isRememberMe=false HTTP/1.1" 200 100
2020-08-31 09:26:01,623-urllib3.connectionpool-DEBUG-http://v5-dev-customer.faqrobot.net:80 "POST /customerservice/login?username=rtest2&password=123456abc&isRememberMe=false HTTP/1.1" 200 100
2020-08-31 09:26:01,623-urllib3.connectionpool-DEBUG-http://v5-dev-customer.faqrobot.net:80 "POST /customerservice/login?username=rtest2&password=123456abc&isRememberMe=false HTTP/1.1" 200 100
2020-08-31 09:26:01,626-urllib3.connectionpool-DEBUG-Starting new HTTP connection (1): v5-dev-customer.faqrobot.net:80
2020-08-31 09:26:01,626-urllib3.connectionpool-DEBUG-Starting new HTTP connection (1): v5-dev-customer.faqrobot.net:80
2020-08-31 09:26:01,626-urllib3.connectionpool-DEBUG-Starting new HTTP connection (1): v5-dev-customer.faqrobot.net:80
2020-08-31 09:26:01,774-urllib3.connectionpool-DEBUG-http://v5-dev-customer.faqrobot.net:80 "POST /customerservice/login?username=rtest2&password=123456abc&isRememberMe=false HTTP/1.1" 200 100
2020-08-31 09:26:01,774-urllib3.connectionpool-DEBUG-http://v5-dev-customer.faqrobot.net:80 "POST /customerservice/login?username=rtest2&password=123456abc&isRememberMe=false HTTP/1.1" 200 100
2020-08-31 09:26:01,774-urllib3.connectionpool-DEBUG-http://v5-dev-customer.faqrobot.net:80 "POST /customerservice/login?username=rtest2&password=123456abc&isRememberMe=false HTTP/1.1" 200 100
2020-08-31 09:26:01,777-urllib3.connectionpool-DEBUG-Starting new HTTP connection (1): v5-dev-customer.faqrobot.net:80
2020-08-31 09:26:01,777-urllib3.connectionpool-DEBUG-Starting new HTTP connection (1): v5-dev-customer.faqrobot.net:80
2020-08-31 09:26:01,777-urllib3.connectionpool-DEBUG-Starting new HTTP connection (1): v5-dev-customer.faqrobot.net:80
2020-08-31 09:26:01,857-urllib3.connectionpool-DEBUG-http://v5-dev-customer.faqrobot.net:80 "POST /customerservice/webim/agent/register HTTP/1.1" 200 None
2020-08-31 09:26:01,857-urllib3.connectionpool-DEBUG-http://v5-dev-customer.faqrobot.net:80 "POST /customerservice/webim/agent/register HTTP/1.1" 200 None
2020-08-31 09:26:01,857-urllib3.connectionpool-DEBUG-http://v5-dev-customer.faqrobot.net:80 "POST /customerservice/webim/agent/register HTTP/1.1" 200 None
2020-08-31 09:26:01,864-urllib3.connectionpool-DEBUG-Starting new HTTP connection (1): v5-dev-customer.faqrobot.net:80
2020-08-31 09:26:01,864-urllib3.connectionpool-DEBUG-Starting new HTTP connection (1): v5-dev-customer.faqrobot.net:80
2020-08-31 09:26:01,864-urllib3.connectionpool-DEBUG-Starting new HTTP connection (1): v5-dev-customer.faqrobot.net:80
2020-08-31 09:26:01,949-urllib3.connectionpool-DEBUG-http://v5-dev-customer.faqrobot.net:80 "GET /chatbot/web/init/1577067263668?sysNum=1577067263668&sourceId=169&lang=zh_CN&_=1598505740753 HTTP/1.1" 200 None
2020-08-31 09:26:01,949-urllib3.connectionpool-DEBUG-http://v5-dev-customer.faqrobot.net:80 "GET /chatbot/web/init/1577067263668?sysNum=1577067263668&sourceId=169&lang=zh_CN&_=1598505740753 HTTP/1.1" 200 None
2020-08-31 09:26:01,949-urllib3.connectionpool-DEBUG-http://v5-dev-customer.faqrobot.net:80 "GET /chatbot/web/init/1577067263668?sysNum=1577067263668&sourceId=169&lang=zh_CN&_=1598505740753 HTTP/1.1" 200 None
2020-08-31 09:26:01,951-urllib3.connectionpool-DEBUG-Starting new HTTP connection (1): v5-dev-customer.faqrobot.net:80
2020-08-31 09:26:01,951-urllib3.connectionpool-DEBUG-Starting new HTTP connection (1): v5-dev-customer.faqrobot.net:80
2020-08-31 09:26:01,951-urllib3.connectionpool-DEBUG-Starting new HTTP connection (1): v5-dev-customer.faqrobot.net:80
2020-08-31 09:26:02,079-urllib3.connectionpool-DEBUG-http://v5-dev-customer.faqrobot.net:80 "POST /admin/login?username=zhang777&password=123123&isRememberMe=false HTTP/1.1" 200 None
2020-08-31 09:26:02,079-urllib3.connectionpool-DEBUG-http://v5-dev-customer.faqrobot.net:80 "POST /admin/login?username=zhang777&password=123123&isRememberMe=false HTTP/1.1" 200 None
2020-08-31 09:26:02,079-urllib3.connectionpool-DEBUG-http://v5-dev-customer.faqrobot.net:80 "POST /admin/login?username=zhang777&password=123123&isRememberMe=false HTTP/1.1" 200 None
2020-08-31 09:26:02,085-urllib3.connectionpool-DEBUG-Starting new HTTP connection (1): v5-dev-customer.faqrobot.net:80
2020-08-31 09:26:02,085-urllib3.connectionpool-DEBUG-Starting new HTTP connection (1): v5-dev-customer.faqrobot.net:80
2020-08-31 09:26:02,085-urllib3.connectionpool-DEBUG-Starting new HTTP connection (1): v5-dev-customer.faqrobot.net:80
2020-08-31 09:26:02,154-urllib3.connectionpool-DEBUG-http://v5-dev-customer.faqrobot.net:80 "POST /chatbot/web/chat/1577067263668?sourceId=169 HTTP/1.1" 200 None
2020-08-31 09:26:02,154-urllib3.connectionpool-DEBUG-http://v5-dev-customer.faqrobot.net:80 "POST /chatbot/web/chat/1577067263668?sourceId=169 HTTP/1.1" 200 None
2020-08-31 09:26:02,154-urllib3.connectionpool-DEBUG-http://v5-dev-customer.faqrobot.net:80 "POST /chatbot/web/chat/1577067263668?sourceId=169 HTTP/1.1" 200 None
2020-08-31 09:26:38,166-urllib3.connectionpool-DEBUG-Starting new HTTP connection (1): v5-dev-customer.faqrobot.net:80
2020-08-31 09:26:38,166-urllib3.connectionpool-DEBUG-Starting new HTTP connection (1): v5-dev-customer.faqrobot.net:80
2020-08-31 09:26:38,166-urllib3.connectionpool-DEBUG-Starting new HTTP connection (1): v5-dev-customer.faqrobot.net:80
2020-08-31 09:26:38,300-urllib3.connectionpool-DEBUG-http://v5-dev-customer.faqrobot.net:80 "POST /customerservice/login?username=rtest2&password=123456abc&isRememberMe=false HTTP/1.1" 200 100
2020-08-31 09:26:38,300-urllib3.connectionpool-DEBUG-http://v5-dev-customer.faqrobot.net:80 "POST /customerservice/login?username=rtest2&password=123456abc&isRememberMe=false HTTP/1.1" 200 100
2020-08-31 09:26:38,300-urllib3.connectionpool-DEBUG-http://v5-dev-customer.faqrobot.net:80 "POST /customerservice/login?username=rtest2&password=123456abc&isRememberMe=false HTTP/1.1" 200 100
2020-08-31 09:26:38,309-urllib3.connectionpool-DEBUG-Starting new HTTP connection (1): v5-dev-customer.faqrobot.net:80
2020-08-31 09:26:38,309-urllib3.connectionpool-DEBUG-Starting new HTTP connection (1): v5-dev-customer.faqrobot.net:80
2020-08-31 09:26:38,309-urllib3.connectionpool-DEBUG-Starting new HTTP connection (1): v5-dev-customer.faqrobot.net:80
2020-08-31 09:26:38,425-urllib3.connectionpool-DEBUG-http://v5-dev-customer.faqrobot.net:80 "POST /customerservice/login?username=rtest2&password=123456abc&isRememberMe=false HTTP/1.1" 200 100
2020-08-31 09:26:38,425-urllib3.connectionpool-DEBUG-http://v5-dev-customer.faqrobot.net:80 "POST /customerservice/login?username=rtest2&password=123456abc&isRememberMe=false HTTP/1.1" 200 100
2020-08-31 09:26:38,425-urllib3.connectionpool-DEBUG-http://v5-dev-customer.faqrobot.net:80 "POST /customerservice/login?username=rtest2&password=123456abc&isRememberMe=false HTTP/1.1" 200 100
2020-08-31 09:26:38,433-urllib3.connectionpool-DEBUG-Starting new HTTP connection (1): v5-dev-customer.faqrobot.net:80
2020-08-31 09:26:38,433-urllib3.connectionpool-DEBUG-Starting new HTTP connection (1): v5-dev-customer.faqrobot.net:80
2020-08-31 09:26:38,433-urllib3.connectionpool-DEBUG-Starting new HTTP connection (1): v5-dev-customer.faqrobot.net:80
2020-08-31 09:26:38,517-urllib3.connectionpool-DEBUG-http://v5-dev-customer.faqrobot.net:80 "POST /customerservice/webim/agent/register HTTP/1.1" 200 None
2020-08-31 09:26:38,517-urllib3.connectionpool-DEBUG-http://v5-dev-customer.faqrobot.net:80 "POST /customerservice/webim/agent/register HTTP/1.1" 200 None
2020-08-31 09:26:38,517-urllib3.connectionpool-DEBUG-http://v5-dev-customer.faqrobot.net:80 "POST /customerservice/webim/agent/register HTTP/1.1" 200 None
2020-08-31 09:26:38,519-urllib3.connectionpool-DEBUG-Starting new HTTP connection (1): v5-dev-customer.faqrobot.net:80
2020-08-31 09:26:38,519-urllib3.connectionpool-DEBUG-Starting new HTTP connection (1): v5-dev-customer.faqrobot.net:80
2020-08-31 09:26:38,519-urllib3.connectionpool-DEBUG-Starting new HTTP connection (1): v5-dev-customer.faqrobot.net:80
2020-08-31 09:26:38,593-urllib3.connectionpool-DEBUG-http://v5-dev-customer.faqrobot.net:80 "GET /chatbot/web/init/1577067263668?sysNum=1577067263668&sourceId=169&lang=zh_CN&_=1598505740753 HTTP/1.1" 200 None
2020-08-31 09:26:38,593-urllib3.connectionpool-DEBUG-http://v5-dev-customer.faqrobot.net:80 "GET /chatbot/web/init/1577067263668?sysNum=1577067263668&sourceId=169&lang=zh_CN&_=1598505740753 HTTP/1.1" 200 None
2020-08-31 09:26:38,593-urllib3.connectionpool-DEBUG-http://v5-dev-customer.faqrobot.net:80 "GET /chatbot/web/init/1577067263668?sysNum=1577067263668&sourceId=169&lang=zh_CN&_=1598505740753 HTTP/1.1" 200 None
2020-08-31 09:26:38,596-urllib3.connectionpool-DEBUG-Starting new HTTP connection (1): v5-dev-customer.faqrobot.net:80
2020-08-31 09:26:38,596-urllib3.connectionpool-DEBUG-Starting new HTTP connection (1): v5-dev-customer.faqrobot.net:80
2020-08-31 09:26:38,596-urllib3.connectionpool-DEBUG-Starting new HTTP connection (1): v5-dev-customer.faqrobot.net:80
2020-08-31 09:26:38,702-urllib3.connectionpool-DEBUG-http://v5-dev-customer.faqrobot.net:80 "POST /admin/login?username=zhang777&password=123123&isRememberMe=false HTTP/1.1" 200 None
2020-08-31 09:26:38,702-urllib3.connectionpool-DEBUG-http://v5-dev-customer.faqrobot.net:80 "POST /admin/login?username=zhang777&password=123123&isRememberMe=false HTTP/1.1" 200 None
2020-08-31 09:26:38,702-urllib3.connectionpool-DEBUG-http://v5-dev-customer.faqrobot.net:80 "POST /admin/login?username=zhang777&password=123123&isRememberMe=false HTTP/1.1" 200 None
2020-08-31 09:26:38,711-urllib3.connectionpool-DEBUG-Starting new HTTP connection (1): v5-dev-customer.faqrobot.net:80
2020-08-31 09:26:38,711-urllib3.connectionpool-DEBUG-Starting new HTTP connection (1): v5-dev-customer.faqrobot.net:80
2020-08-31 09:26:38,711-urllib3.connectionpool-DEBUG-Starting new HTTP connection (1): v5-dev-customer.faqrobot.net:80
2020-08-31 09:26:38,769-urllib3.connectionpool-DEBUG-http://v5-dev-customer.faqrobot.net:80 "POST /chatbot/web/chat/1577067263668?sourceId=169 HTTP/1.1" 200 None
2020-08-31 09:26:38,769-urllib3.connectionpool-DEBUG-http://v5-dev-customer.faqrobot.net:80 "POST /chatbot/web/chat/1577067263668?sourceId=169 HTTP/1.1" 200 None
2020-08-31 09:26:38,769-urllib3.connectionpool-DEBUG-http://v5-dev-customer.faqrobot.net:80 "POST /chatbot/web/chat/1577067263668?sourceId=169 HTTP/1.1" 200 None
2020-08-31 09:27:58,533-urllib3.connectionpool-DEBUG-Starting new HTTP connection (1): v5-dev-customer.faqrobot.net:80
2020-08-31 09:27:58,533-urllib3.connectionpool-DEBUG-Starting new HTTP connection (1): v5-dev-customer.faqrobot.net:80
2020-08-31 09:27:58,533-urllib3.connectionpool-DEBUG-Starting new HTTP connection (1): v5-dev-customer.faqrobot.net:80
2020-08-31 09:27:58,615-urllib3.connectionpool-DEBUG-http://v5-dev-customer.faqrobot.net:80 "GET /chatbot/web/init/1577067263668?sysNum=1577067263668&sourceId=169&lang=zh_CN&_=1598505740753 HTTP/1.1" 200 None
2020-08-31 09:27:58,615-urllib3.connectionpool-DEBUG-http://v5-dev-customer.faqrobot.net:80 "GET /chatbot/web/init/1577067263668?sysNum=1577067263668&sourceId=169&lang=zh_CN&_=1598505740753 HTTP/1.1" 200 None
2020-08-31 09:27:58,615-urllib3.connectionpool-DEBUG-http://v5-dev-customer.faqrobot.net:80 "GET /chatbot/web/init/1577067263668?sysNum=1577067263668&sourceId=169&lang=zh_CN&_=1598505740753 HTTP/1.1" 200 None
2020-08-31 09:30:04,104-urllib3.connectionpool-DEBUG-Starting new HTTP connection (1): v5-dev-customer.faqrobot.net:80
2020-08-31 09:30:04,104-urllib3.connectionpool-DEBUG-Starting new HTTP connection (1): v5-dev-customer.faqrobot.net:80
2020-08-31 09:30:04,104-urllib3.connectionpool-DEBUG-Starting new HTTP connection (1): v5-dev-customer.faqrobot.net:80
2020-08-31 09:30:04,189-urllib3.connectionpool-DEBUG-http://v5-dev-customer.faqrobot.net:80 "GET /chatbot/web/init/1577067263668?sysNum=1577067263668&sourceId=169&lang=zh_CN&_=1598505740753 HTTP/1.1" 200 None
2020-08-31 09:30:04,189-urllib3.connectionpool-DEBUG-http://v5-dev-customer.faqrobot.net:80 "GET /chatbot/web/init/1577067263668?sysNum=1577067263668&sourceId=169&lang=zh_CN&_=1598505740753 HTTP/1.1" 200 None
2020-08-31 09:30:04,189-urllib3.connectionpool-DEBUG-http://v5-dev-customer.faqrobot.net:80 "GET /chatbot/web/init/1577067263668?sysNum=1577067263668&sourceId=169&lang=zh_CN&_=1598505740753 HTTP/1.1" 200 None
2020-08-31 09:30:33,334-urllib3.connectionpool-DEBUG-Starting new HTTP connection (1): v5-dev-customer.faqrobot.net:80
2020-08-31 09:30:33,334-urllib3.connectionpool-DEBUG-Starting new HTTP connection (1): v5-dev-customer.faqrobot.net:80
2020-08-31 09:30:33,334-urllib3.connectionpool-DEBUG-Starting new HTTP connection (1): v5-dev-customer.faqrobot.net:80
2020-08-31 09:30:33,430-urllib3.connectionpool-DEBUG-http://v5-dev-customer.faqrobot.net:80 "GET /chatbot/web/init/1577067263668?sysNum=1577067263668&sourceId=169&lang=zh_CN&_=1598505740753 HTTP/1.1" 200 None
2020-08-31 09:30:33,430-urllib3.connectionpool-DEBUG-http://v5-dev-customer.faqrobot.net:80 "GET /chatbot/web/init/1577067263668?sysNum=1577067263668&sourceId=169&lang=zh_CN&_=1598505740753 HTTP/1.1" 200 None
2020-08-31 09:30:33,430-urllib3.connectionpool-DEBUG-http://v5-dev-customer.faqrobot.net:80 "GET /chatbot/web/init/1577067263668?sysNum=1577067263668&sourceId=169&lang=zh_CN&_=1598505740753 HTTP/1.1" 200 None
2020-08-31 09:31:39,853-urllib3.connectionpool-DEBUG-Starting new HTTP connection (1): v5-dev-customer.faqrobot.net:80
2020-08-31 09:31:39,853-urllib3.connectionpool-DEBUG-Starting new HTTP connection (1): v5-dev-customer.faqrobot.net:80
2020-08-31 09:31:39,853-urllib3.connectionpool-DEBUG-Starting new HTTP connection (1): v5-dev-customer.faqrobot.net:80
2020-08-31 09:31:39,931-urllib3.connectionpool-DEBUG-http://v5-dev-customer.faqrobot.net:80 "GET /chatbot/web/init/1577067263668?sysNum=1577067263668&sourceId=169&lang=zh_CN&_=1598505740753 HTTP/1.1" 200 None
2020-08-31 09:31:39,931-urllib3.connectionpool-DEBUG-http://v5-dev-customer.faqrobot.net:80 "GET /chatbot/web/init/1577067263668?sysNum=1577067263668&sourceId=169&lang=zh_CN&_=1598505740753 HTTP/1.1" 200 None
2020-08-31 09:31:39,931-urllib3.connectionpool-DEBUG-http://v5-dev-customer.faqrobot.net:80 "GET /chatbot/web/init/1577067263668?sysNum=1577067263668&sourceId=169&lang=zh_CN&_=1598505740753 HTTP/1.1" 200 None
2020-08-31 09:34:36,003-urllib3.connectionpool-DEBUG-Starting new HTTP connection (1): v5-dev-customer.faqrobot.net:80
2020-08-31 09:34:36,003-urllib3.connectionpool-DEBUG-Starting new HTTP connection (1): v5-dev-customer.faqrobot.net:80
2020-08-31 09:34:36,003-urllib3.connectionpool-DEBUG-Starting new HTTP connection (1): v5-dev-customer.faqrobot.net:80
2020-08-31 09:34:36,080-urllib3.connectionpool-DEBUG-http://v5-dev-customer.faqrobot.net:80 "GET /chatbot/web/init/1577067263668?sysNum=1577067263668&sourceId=169&lang=zh_CN&_=1598505740753 HTTP/1.1" 200 None
2020-08-31 09:34:36,080-urllib3.connectionpool-DEBUG-http://v5-dev-customer.faqrobot.net:80 "GET /chatbot/web/init/1577067263668?sysNum=1577067263668&sourceId=169&lang=zh_CN&_=1598505740753 HTTP/1.1" 200 None
2020-08-31 09:34:36,080-urllib3.connectionpool-DEBUG-http://v5-dev-customer.faqrobot.net:80 "GET /chatbot/web/init/1577067263668?sysNum=1577067263668&sourceId=169&lang=zh_CN&_=1598505740753 HTTP/1.1" 200 None
2020-08-31 09:34:55,570-urllib3.connectionpool-DEBUG-Starting new HTTP connection (1): v5-dev-customer.faqrobot.net:80
2020-08-31 09:34:55,570-urllib3.connectionpool-DEBUG-Starting new HTTP connection (1): v5-dev-customer.faqrobot.net:80
2020-08-31 09:34:55,570-urllib3.connectionpool-DEBUG-Starting new HTTP connection (1): v5-dev-customer.faqrobot.net:80
2020-08-31 09:34:55,640-urllib3.connectionpool-DEBUG-http://v5-dev-customer.faqrobot.net:80 "GET /chatbot/web/init/1577067263668?sysNum=1577067263668&sourceId=169&lang=zh_CN&_=1598505740753 HTTP/1.1" 200 None
2020-08-31 09:34:55,640-urllib3.connectionpool-DEBUG-http://v5-dev-customer.faqrobot.net:80 "GET /chatbot/web/init/1577067263668?sysNum=1577067263668&sourceId=169&lang=zh_CN&_=1598505740753 HTTP/1.1" 200 None
2020-08-31 09:34:55,640-urllib3.connectionpool-DEBUG-http://v5-dev-customer.faqrobot.net:80 "GET /chatbot/web/init/1577067263668?sysNum=1577067263668&sourceId=169&lang=zh_CN&_=1598505740753 HTTP/1.1" 200 None
2020-08-31 09:34:55,642-urllib3.connectionpool-DEBUG-Starting new HTTP connection (1): v5-dev-customer.faqrobot.net:80
2020-08-31 09:34:55,642-urllib3.connectionpool-DEBUG-Starting new HTTP connection (1): v5-dev-customer.faqrobot.net:80
2020-08-31 09:34:55,642-urllib3.connectionpool-DEBUG-Starting new HTTP connection (1): v5-dev-customer.faqrobot.net:80
2020-08-31 09:34:55,709-urllib3.connectionpool-DEBUG-http://v5-dev-customer.faqrobot.net:80 "GET /chatbot/web/init/1577067263668?sysNum=1577067263668&sourceId=169&lang=zh_CN&_=1598505740753 HTTP/1.1" 200 None
2020-08-31 09:34:55,709-urllib3.connectionpool-DEBUG-http://v5-dev-customer.faqrobot.net:80 "GET /chatbot/web/init/1577067263668?sysNum=1577067263668&sourceId=169&lang=zh_CN&_=1598505740753 HTTP/1.1" 200 None
2020-08-31 09:34:55,709-urllib3.connectionpool-DEBUG-http://v5-dev-customer.faqrobot.net:80 "GET /chatbot/web/init/1577067263668?sysNum=1577067263668&sourceId=169&lang=zh_CN&_=1598505740753 HTTP/1.1" 200 None
2020-08-31 09:34:55,711-urllib3.connectionpool-DEBUG-Starting new HTTP connection (1): v5-dev-customer.faqrobot.net:80
2020-08-31 09:34:55,711-urllib3.connectionpool-DEBUG-Starting new HTTP connection (1): v5-dev-customer.faqrobot.net:80
2020-08-31 09:34:55,711-urllib3.connectionpool-DEBUG-Starting new HTTP connection (1): v5-dev-customer.faqrobot.net:80
2020-08-31 09:34:55,772-urllib3.connectionpool-DEBUG-http://v5-dev-customer.faqrobot.net:80 "POST /chatbot/web/chat/1577067263668?sourceId=169 HTTP/1.1" 200 None
2020-08-31 09:34:55,772-urllib3.connectionpool-DEBUG-http://v5-dev-customer.faqrobot.net:80 "POST /chatbot/web/chat/1577067263668?sourceId=169 HTTP/1.1" 200 None
2020-08-31 09:34:55,772-urllib3.connectionpool-DEBUG-http://v5-dev-customer.faqrobot.net:80 "POST /chatbot/web/chat/1577067263668?sourceId=169 HTTP/1.1" 200 None
2020-08-31 09:37:39,614-urllib3.connectionpool-DEBUG-Starting new HTTP connection (1): v5-dev-customer.faqrobot.net:80
2020-08-31 09:37:39,614-urllib3.connectionpool-DEBUG-Starting new HTTP connection (1): v5-dev-customer.faqrobot.net:80
2020-08-31 09:37:39,614-urllib3.connectionpool-DEBUG-Starting new HTTP connection (1): v5-dev-customer.faqrobot.net:80
2020-08-31 09:37:39,701-urllib3.connectionpool-DEBUG-http://v5-dev-customer.faqrobot.net:80 "GET /chatbot/web/init/1577067263668?sysNum=1577067263668&sourceId=169&lang=zh_CN&_=1598505740753 HTTP/1.1" 200 None
2020-08-31 09:37:39,701-urllib3.connectionpool-DEBUG-http://v5-dev-customer.faqrobot.net:80 "GET /chatbot/web/init/1577067263668?sysNum=1577067263668&sourceId=169&lang=zh_CN&_=1598505740753 HTTP/1.1" 200 None
2020-08-31 09:37:39,701-urllib3.connectionpool-DEBUG-http://v5-dev-customer.faqrobot.net:80 "GET /chatbot/web/init/1577067263668?sysNum=1577067263668&sourceId=169&lang=zh_CN&_=1598505740753 HTTP/1.1" 200 None
2020-08-31 09:37:39,703-urllib3.connectionpool-DEBUG-Starting new HTTP connection (1): v5-dev-customer.faqrobot.net:80
2020-08-31 09:37:39,703-urllib3.connectionpool-DEBUG-Starting new HTTP connection (1): v5-dev-customer.faqrobot.net:80
2020-08-31 09:37:39,703-urllib3.connectionpool-DEBUG-Starting new HTTP connection (1): v5-dev-customer.faqrobot.net:80
2020-08-31 09:37:39,775-urllib3.connectionpool-DEBUG-http://v5-dev-customer.faqrobot.net:80 "GET /chatbot/web/init/1577067263668?sysNum=1577067263668&sourceId=169&lang=zh_CN&_=1598505740753 HTTP/1.1" 200 None
2020-08-31 09:37:39,775-urllib3.connectionpool-DEBUG-http://v5-dev-customer.faqrobot.net:80 "GET /chatbot/web/init/1577067263668?sysNum=1577067263668&sourceId=169&lang=zh_CN&_=1598505740753 HTTP/1.1" 200 None
2020-08-31 09:37:39,775-urllib3.connectionpool-DEBUG-http://v5-dev-customer.faqrobot.net:80 "GET /chatbot/web/init/1577067263668?sysNum=1577067263668&sourceId=169&lang=zh_CN&_=1598505740753 HTTP/1.1" 200 None
2020-08-31 09:37:39,778-urllib3.connectionpool-DEBUG-Starting new HTTP connection (1): v5-dev-customer.faqrobot.net:80
2020-08-31 09:37:39,778-urllib3.connectionpool-DEBUG-Starting new HTTP connection (1): v5-dev-customer.faqrobot.net:80
2020-08-31 09:37:39,778-urllib3.connectionpool-DEBUG-Starting new HTTP connection (1): v5-dev-customer.faqrobot.net:80
2020-08-31 09:37:39,847-urllib3.connectionpool-DEBUG-http://v5-dev-customer.faqrobot.net:80 "POST /chatbot/web/chat/1577067263668?sourceId=169 HTTP/1.1" 200 None
2020-08-31 09:37:39,847-urllib3.connectionpool-DEBUG-http://v5-dev-customer.faqrobot.net:80 "POST /chatbot/web/chat/1577067263668?sourceId=169 HTTP/1.1" 200 None
2020-08-31 09:37:39,847-urllib3.connectionpool-DEBUG-http://v5-dev-customer.faqrobot.net:80 "POST /chatbot/web/chat/1577067263668?sourceId=169 HTTP/1.1" 200 None
2020-08-31 09:37:39,850-urllib3.connectionpool-DEBUG-Starting new HTTP connection (1): v5-dev-customer.faqrobot.net:80
2020-08-31 09:37:39,850-urllib3.connectionpool-DEBUG-Starting new HTTP connection (1): v5-dev-customer.faqrobot.net:80
2020-08-31 09:37:39,850-urllib3.connectionpool-DEBUG-Starting new HTTP connection (1): v5-dev-customer.faqrobot.net:80
2020-08-31 09:37:39,922-urllib3.connectionpool-DEBUG-http://v5-dev-customer.faqrobot.net:80 "GET /chatbot/web/init/1577067263668?sysNum=1577067263668&sourceId=169&lang=zh_CN&_=1598505740753 HTTP/1.1" 200 None
2020-08-31 09:37:39,922-urllib3.connectionpool-DEBUG-http://v5-dev-customer.faqrobot.net:80 "GET /chatbot/web/init/1577067263668?sysNum=1577067263668&sourceId=169&lang=zh_CN&_=1598505740753 HTTP/1.1" 200 None
2020-08-31 09:37:39,922-urllib3.connectionpool-DEBUG-http://v5-dev-customer.faqrobot.net:80 "GET /chatbot/web/init/1577067263668?sysNum=1577067263668&sourceId=169&lang=zh_CN&_=1598505740753 HTTP/1.1" 200 None
2020-08-31 09:37:39,932-urllib3.connectionpool-DEBUG-Starting new HTTP connection (1): v5-dev-customer.faqrobot.net:80
2020-08-31 09:37:39,932-urllib3.connectionpool-DEBUG-Starting new HTTP connection (1): v5-dev-customer.faqrobot.net:80
2020-08-31 09:37:39,932-urllib3.connectionpool-DEBUG-Starting new HTTP connection (1): v5-dev-customer.faqrobot.net:80
2020-08-31 09:37:40,161-urllib3.connectionpool-DEBUG-http://v5-dev-customer.faqrobot.net:80 "POST /chatbot/web/chat/1577067263668?sourceId=169 HTTP/1.1" 200 None
2020-08-31 09:37:40,161-urllib3.connectionpool-DEBUG-http://v5-dev-customer.faqrobot.net:80 "POST /chatbot/web/chat/1577067263668?sourceId=169 HTTP/1.1" 200 None
2020-08-31 09:37:40,161-urllib3.connectionpool-DEBUG-http://v5-dev-customer.faqrobot.net:80 "POST /chatbot/web/chat/1577067263668?sourceId=169 HTTP/1.1" 200 None
2020-08-31 09:40:36,961-urllib3.connectionpool-DEBUG-Starting new HTTP connection (1): v5-dev-customer.faqrobot.net:80
2020-08-31 09:40:36,961-urllib3.connectionpool-DEBUG-Starting new HTTP connection (1): v5-dev-customer.faqrobot.net:80
2020-08-31 09:40:36,961-urllib3.connectionpool-DEBUG-Starting new HTTP connection (1): v5-dev-customer.faqrobot.net:80
2020-08-31 09:40:37,038-urllib3.connectionpool-DEBUG-http://v5-dev-customer.faqrobot.net:80 "GET /chatbot/web/init/1577067263668?sysNum=1577067263668&sourceId=169&lang=zh_CN&_=1598505740753 HTTP/1.1" 200 None
2020-08-31 09:40:37,038-urllib3.connectionpool-DEBUG-http://v5-dev-customer.faqrobot.net:80 "GET /chatbot/web/init/1577067263668?sysNum=1577067263668&sourceId=169&lang=zh_CN&_=1598505740753 HTTP/1.1" 200 None
2020-08-31 09:40:37,038-urllib3.connectionpool-DEBUG-http://v5-dev-customer.faqrobot.net:80 "GET /chatbot/web/init/1577067263668?sysNum=1577067263668&sourceId=169&lang=zh_CN&_=1598505740753 HTTP/1.1" 200 None
2020-08-31 09:40:37,040-urllib3.connectionpool-DEBUG-Starting new HTTP connection (1): v5-dev-customer.faqrobot.net:80
2020-08-31 09:40:37,040-urllib3.connectionpool-DEBUG-Starting new HTTP connection (1): v5-dev-customer.faqrobot.net:80
2020-08-31 09:40:37,040-urllib3.connectionpool-DEBUG-Starting new HTTP connection (1): v5-dev-customer.faqrobot.net:80
2020-08-31 09:40:37,104-urllib3.connectionpool-DEBUG-http://v5-dev-customer.faqrobot.net:80 "GET /chatbot/web/init/1577067263668?sysNum=1577067263668&sourceId=169&lang=zh_CN&_=1598505740753 HTTP/1.1" 200 None
2020-08-31 09:40:37,104-urllib3.connectionpool-DEBUG-http://v5-dev-customer.faqrobot.net:80 "GET /chatbot/web/init/1577067263668?sysNum=1577067263668&sourceId=169&lang=zh_CN&_=1598505740753 HTTP/1.1" 200 None
2020-08-31 09:40:37,104-urllib3.connectionpool-DEBUG-http://v5-dev-customer.faqrobot.net:80 "GET /chatbot/web/init/1577067263668?sysNum=1577067263668&sourceId=169&lang=zh_CN&_=1598505740753 HTTP/1.1" 200 None
2020-08-31 09:40:37,107-urllib3.connectionpool-DEBUG-Starting new HTTP connection (1): v5-dev-customer.faqrobot.net:80
2020-08-31 09:40:37,107-urllib3.connectionpool-DEBUG-Starting new HTTP connection (1): v5-dev-customer.faqrobot.net:80
2020-08-31 09:40:37,107-urllib3.connectionpool-DEBUG-Starting new HTTP connection (1): v5-dev-customer.faqrobot.net:80
2020-08-31 09:40:37,173-urllib3.connectionpool-DEBUG-http://v5-dev-customer.faqrobot.net:80 "POST /chatbot/web/chat/1577067263668?sourceId=169 HTTP/1.1" 200 None
2020-08-31 09:40:37,173-urllib3.connectionpool-DEBUG-http://v5-dev-customer.faqrobot.net:80 "POST /chatbot/web/chat/1577067263668?sourceId=169 HTTP/1.1" 200 None
2020-08-31 09:40:37,173-urllib3.connectionpool-DEBUG-http://v5-dev-customer.faqrobot.net:80 "POST /chatbot/web/chat/1577067263668?sourceId=169 HTTP/1.1" 200 None
2020-08-31 09:40:37,175-urllib3.connectionpool-DEBUG-Starting new HTTP connection (1): v5-dev-customer.faqrobot.net:80
2020-08-31 09:40:37,175-urllib3.connectionpool-DEBUG-Starting new HTTP connection (1): v5-dev-customer.faqrobot.net:80
2020-08-31 09:40:37,175-urllib3.connectionpool-DEBUG-Starting new HTTP connection (1): v5-dev-customer.faqrobot.net:80
2020-08-31 09:40:37,248-urllib3.connectionpool-DEBUG-http://v5-dev-customer.faqrobot.net:80 "GET /chatbot/web/init/1577067263668?sysNum=1577067263668&sourceId=169&lang=zh_CN&_=1598505740753 HTTP/1.1" 200 None
2020-08-31 09:40:37,248-urllib3.connectionpool-DEBUG-http://v5-dev-customer.faqrobot.net:80 "GET /chatbot/web/init/1577067263668?sysNum=1577067263668&sourceId=169&lang=zh_CN&_=1598505740753 HTTP/1.1" 200 None
2020-08-31 09:40:37,248-urllib3.connectionpool-DEBUG-http://v5-dev-customer.faqrobot.net:80 "GET /chatbot/web/init/1577067263668?sysNum=1577067263668&sourceId=169&lang=zh_CN&_=1598505740753 HTTP/1.1" 200 None
2020-08-31 09:40:37,254-urllib3.connectionpool-DEBUG-Starting new HTTP connection (1): v5-dev-customer.faqrobot.net:80
2020-08-31 09:40:37,254-urllib3.connectionpool-DEBUG-Starting new HTTP connection (1): v5-dev-customer.faqrobot.net:80
2020-08-31 09:40:37,254-urllib3.connectionpool-DEBUG-Starting new HTTP connection (1): v5-dev-customer.faqrobot.net:80
2020-08-31 09:40:37,505-urllib3.connectionpool-DEBUG-http://v5-dev-customer.faqrobot.net:80 "POST /chatbot/web/chat/1577067263668?sourceId=169 HTTP/1.1" 200 None
2020-08-31 09:40:37,505-urllib3.connectionpool-DEBUG-http://v5-dev-customer.faqrobot.net:80 "POST /chatbot/web/chat/1577067263668?sourceId=169 HTTP/1.1" 200 None
2020-08-31 09:40:37,505-urllib3.connectionpool-DEBUG-http://v5-dev-customer.faqrobot.net:80 "POST /chatbot/web/chat/1577067263668?sourceId=169 HTTP/1.1" 200 None
2020-08-31 18:18:48,378-urllib3.connectionpool-DEBUG-Starting new HTTP connection (1): v5-dev-customer.faqrobot.net:80
2020-08-31 18:18:48,378-urllib3.connectionpool-DEBUG-Starting new HTTP connection (1): v5-dev-customer.faqrobot.net:80
2020-08-31 18:18:48,378-urllib3.connectionpool-DEBUG-Starting new HTTP connection (1): v5-dev-customer.faqrobot.net:80
2020-08-31 18:18:52,275-urllib3.connectionpool-DEBUG-http://v5-dev-customer.faqrobot.net:80 "GET /chatbot/web/init/1577067263668?sysNum=1577067263668&sourceId=169&lang=zh_CN&_=1598505740753 HTTP/1.1" 200 None
2020-08-31 18:18:52,275-urllib3.connectionpool-DEBUG-http://v5-dev-customer.faqrobot.net:80 "GET /chatbot/web/init/1577067263668?sysNum=1577067263668&sourceId=169&lang=zh_CN&_=1598505740753 HTTP/1.1" 200 None
2020-08-31 18:18:52,275-urllib3.connectionpool-DEBUG-http://v5-dev-customer.faqrobot.net:80 "GET /chatbot/web/init/1577067263668?sysNum=1577067263668&sourceId=169&lang=zh_CN&_=1598505740753 HTTP/1.1" 200 None
2020-08-31 18:18:52,279-urllib3.connectionpool-DEBUG-Starting new HTTP connection (1): v5-dev-customer.faqrobot.net:80
2020-08-31 18:18:52,279-urllib3.connectionpool-DEBUG-Starting new HTTP connection (1): v5-dev-customer.faqrobot.net:80
2020-08-31 18:18:52,279-urllib3.connectionpool-DEBUG-Starting new HTTP connection (1): v5-dev-customer.faqrobot.net:80
2020-08-31 18:18:52,346-urllib3.connectionpool-DEBUG-http://v5-dev-customer.faqrobot.net:80 "GET /chatbot/web/init/1577067263668?sysNum=1577067263668&sourceId=169&lang=zh_CN&_=1598505740753 HTTP/1.1" 200 None
2020-08-31 18:18:52,346-urllib3.connectionpool-DEBUG-http://v5-dev-customer.faqrobot.net:80 "GET /chatbot/web/init/1577067263668?sysNum=1577067263668&sourceId=169&lang=zh_CN&_=1598505740753 HTTP/1.1" 200 None
2020-08-31 18:18:52,346-urllib3.connectionpool-DEBUG-http://v5-dev-customer.faqrobot.net:80 "GET /chatbot/web/init/1577067263668?sysNum=1577067263668&sourceId=169&lang=zh_CN&_=1598505740753 HTTP/1.1" 200 None
2020-08-31 18:18:52,349-urllib3.connectionpool-DEBUG-Starting new HTTP connection (1): v5-dev-customer.faqrobot.net:80
2020-08-31 18:18:52,349-urllib3.connectionpool-DEBUG-Starting new HTTP connection (1): v5-dev-customer.faqrobot.net:80
2020-08-31 18:18:52,349-urllib3.connectionpool-DEBUG-Starting new HTTP connection (1): v5-dev-customer.faqrobot.net:80
2020-08-31 18:18:52,419-urllib3.connectionpool-DEBUG-http://v5-dev-customer.faqrobot.net:80 "POST /chatbot/web/chat/1577067263668?sourceId=169 HTTP/1.1" 200 None
2020-08-31 18:18:52,419-urllib3.connectionpool-DEBUG-http://v5-dev-customer.faqrobot.net:80 "POST /chatbot/web/chat/1577067263668?sourceId=169 HTTP/1.1" 200 None
2020-08-31 18:18:52,419-urllib3.connectionpool-DEBUG-http://v5-dev-customer.faqrobot.net:80 "POST /chatbot/web/chat/1577067263668?sourceId=169 HTTP/1.1" 200 None
2020-08-31 18:18:52,422-urllib3.connectionpool-DEBUG-Starting new HTTP connection (1): v5-dev-customer.faqrobot.net:80
2020-08-31 18:18:52,422-urllib3.connectionpool-DEBUG-Starting new HTTP connection (1): v5-dev-customer.faqrobot.net:80
2020-08-31 18:18:52,422-urllib3.connectionpool-DEBUG-Starting new HTTP connection (1): v5-dev-customer.faqrobot.net:80
2020-08-31 18:18:52,484-urllib3.connectionpool-DEBUG-http://v5-dev-customer.faqrobot.net:80 "GET /chatbot/web/init/1577067263668?sysNum=1577067263668&sourceId=169&lang=zh_CN&_=1598505740753 HTTP/1.1" 200 None
2020-08-31 18:18:52,484-urllib3.connectionpool-DEBUG-http://v5-dev-customer.faqrobot.net:80 "GET /chatbot/web/init/1577067263668?sysNum=1577067263668&sourceId=169&lang=zh_CN&_=1598505740753 HTTP/1.1" 200 None
2020-08-31 18:18:52,484-urllib3.connectionpool-DEBUG-http://v5-dev-customer.faqrobot.net:80 "GET /chatbot/web/init/1577067263668?sysNum=1577067263668&sourceId=169&lang=zh_CN&_=1598505740753 HTTP/1.1" 200 None
2020-08-31 18:18:52,492-urllib3.connectionpool-DEBUG-Starting new HTTP connection (1): v5-dev-customer.faqrobot.net:80
2020-08-31 18:18:52,492-urllib3.connectionpool-DEBUG-Starting new HTTP connection (1): v5-dev-customer.faqrobot.net:80
2020-08-31 18:18:52,492-urllib3.connectionpool-DEBUG-Starting new HTTP connection (1): v5-dev-customer.faqrobot.net:80
2020-08-31 18:18:52,707-urllib3.connectionpool-DEBUG-http://v5-dev-customer.faqrobot.net:80 "POST /chatbot/web/chat/1577067263668?sourceId=169 HTTP/1.1" 200 None
2020-08-31 18:18:52,707-urllib3.connectionpool-DEBUG-http://v5-dev-customer.faqrobot.net:80 "POST /chatbot/web/chat/1577067263668?sourceId=169 HTTP/1.1" 200 None
2020-08-31 18:18:52,707-urllib3.connectionpool-DEBUG-http://v5-dev-customer.faqrobot.net:80 "POST /chatbot/web/chat/1577067263668?sourceId=169 HTTP/1.1" 200 None
2020-08-31 18:18:52,709-urllib3.connectionpool-DEBUG-Starting new HTTP connection (1): v5-dev-customer.faqrobot.net:80
2020-08-31 18:18:52,709-urllib3.connectionpool-DEBUG-Starting new HTTP connection (1): v5-dev-customer.faqrobot.net:80
2020-08-31 18:18:52,709-urllib3.connectionpool-DEBUG-Starting new HTTP connection (1): v5-dev-customer.faqrobot.net:80
2020-08-31 18:18:52,824-urllib3.connectionpool-DEBUG-http://v5-dev-customer.faqrobot.net:80 "POST /customerservice/login?username=rtest2&password=123456abc&isRememberMe=false HTTP/1.1" 200 100
2020-08-31 18:18:52,824-urllib3.connectionpool-DEBUG-http://v5-dev-customer.faqrobot.net:80 "POST /customerservice/login?username=rtest2&password=123456abc&isRememberMe=false HTTP/1.1" 200 100
2020-08-31 18:18:52,824-urllib3.connectionpool-DEBUG-http://v5-dev-customer.faqrobot.net:80 "POST /customerservice/login?username=rtest2&password=123456abc&isRememberMe=false HTTP/1.1" 200 100
2020-08-31 18:18:52,832-urllib3.connectionpool-DEBUG-Starting new HTTP connection (1): v5-dev-customer.faqrobot.net:80
2020-08-31 18:18:52,832-urllib3.connectionpool-DEBUG-Starting new HTTP connection (1): v5-dev-customer.faqrobot.net:80
2020-08-31 18:18:52,832-urllib3.connectionpool-DEBUG-Starting new HTTP connection (1): v5-dev-customer.faqrobot.net:80
2020-08-31 18:18:52,898-urllib3.connectionpool-DEBUG-http://v5-dev-customer.faqrobot.net:80 "GET /customerservice/webim/agent/inService?serviceType=single HTTP/1.1" 200 None
2020-08-31 18:18:52,898-urllib3.connectionpool-DEBUG-http://v5-dev-customer.faqrobot.net:80 "GET /customerservice/webim/agent/inService?serviceType=single HTTP/1.1" 200 None
2020-08-31 18:18:52,898-urllib3.connectionpool-DEBUG-http://v5-dev-customer.faqrobot.net:80 "GET /customerservice/webim/agent/inService?serviceType=single HTTP/1.1" 200 None
